<?xml version="1.0" encoding="UTF-8"?>
<testng-results ignored="0" total="2" passed="2" failed="0" skipped="0">
  <reporter-output>
  </reporter-output>
  <suite started-at="2025-12-10T17:45:32 IST" name="Suite" finished-at="2025-12-10T17:47:07 IST" duration-ms="94246">
    <groups>
    </groups>
    <test started-at="2025-12-10T17:45:32 IST" name="Test" finished-at="2025-12-10T17:47:07 IST" duration-ms="94246">
      <class name="tc_Tr.EditAddress_Tr">
        <test-method is-config="true" signature="signUp(java.lang.String)[pri:0, instance:tc_Tr.EditAddress_Tr@52de51b6]" started-at="2025-12-10T17:45:33 IST" name="signUp" finished-at="2025-12-10T17:45:38 IST" duration-ms="4858" status="PASS">
          <params>
            <param index="0">
              <value>
                <![CDATA[chrome]]>
              </value>
            </param>
          </params>
          <reporter-output>
          </reporter-output>
        </test-method> <!-- signUp -->
        <test-method signature="logInDetails()[pri:0, instance:tc_Tr.EditAddress_Tr@52de51b6]" started-at="2025-12-10T17:45:38 IST" name="logInDetails" finished-at="2025-12-10T17:45:47 IST" duration-ms="9896" status="PASS">
          <reporter-output>
          </reporter-output>
        </test-method> <!-- logInDetails -->
        <test-method signature="changeAddress()[pri:2, instance:tc_Tr.EditAddress_Tr@52de51b6]" started-at="2025-12-10T17:45:47 IST" name="changeAddress" finished-at="2025-12-10T17:47:07 IST" duration-ms="79143" status="PASS">
          <reporter-output>
          </reporter-output>
        </test-method> <!-- changeAddress -->
      </class> <!-- tc_Tr.EditAddress_Tr -->
    </test> <!-- Test -->
  </suite> <!-- Suite -->
</testng-results>
