<?xml version="1.0" encoding="UTF-8"?>
<!-- Generated by org.testng.reporters.JUnitReportReporter -->
<testsuite hostname="DhruvPrajapati" failures="0" tests="5" name="tc_Tr.DataProviderUtility_Tr" time="92.815" errors="0" timestamp="2025-12-05T18:10:51 IST" skipped="0">
  <testcase classname="tc_Tr.DataProviderUtility_Tr" name="logInTR" time="16.260"/>
  <testcase classname="tc_Tr.DataProviderUtility_Tr" name="logInTR" time="20.227"/>
  <testcase classname="tc_Tr.DataProviderUtility_Tr" name="logInTR" time="20.088"/>
  <testcase classname="tc_Tr.DataProviderUtility_Tr" name="logInTR" time="19.962"/>
  <testcase classname="tc_Tr.DataProviderUtility_Tr" name="logInTR" time="16.278"/>
</testsuite> <!-- tc_Tr.DataProviderUtility_Tr -->
